2021-08-03 21:03:22,772 INFO  [Log] Application Opened 
2021-08-03 21:03:47,882 INFO  [Log] Login Completed 
2021-08-03 21:03:58,071 INFO  [Log] Logout Completed 
2021-08-03 21:03:58,969 INFO  [Log] Application Closed 
2021-08-03 21:04:46,840 INFO  [Log] Application Opened 
2021-08-03 21:05:23,261 INFO  [Log] Login Completed 
2021-08-03 21:05:23,261 INFO  [Log] New Emp Added 
2021-08-03 21:05:23,261 INFO  [Log] Delete emp 
2021-08-03 21:05:32,267 INFO  [Log] Logout Completed 
2021-08-03 21:05:32,757 INFO  [Log] Application Closed 
2021-08-03 21:09:35,920 INFO  [Log] Application Opened 
2021-08-03 21:09:56,266 INFO  [Log] Login Completed 
2021-08-03 21:10:05,529 INFO  [Log] Logout Completed 
2021-08-03 21:10:05,876 INFO  [Log] Application Closed 
2021-08-03 21:10:35,187 INFO  [Log] Application Opened 
2021-08-03 21:10:56,946 INFO  [Log] Login Completed 
2021-08-03 21:10:56,946 INFO  [Log] New Emp Added 
2021-08-03 21:10:56,946 INFO  [Log] Delete emp 
2021-08-03 21:11:03,653 INFO  [Log] Logout Completed 
2021-08-03 21:11:04,103 INFO  [Log] Application Closed 
